<?xml version="1.0" encoding="UTF-8"?>
<!-- Generated by org.testng.reporters.JUnitReportReporter -->
<testsuite hostname="LAPTOP-3IBN8888" failures="0" tests="2" name="Actitime.loginD1" time="62.884" errors="0" timestamp="2022-10-28T16:35:36 IST" skipped="0">
  <testcase classname="Actitime.loginD1" name="loginadmini" time="32.091"/>
  <system-out/>
  <testcase classname="Actitime.loginD1" name="loginregular" time="30.793"/>
  <system-out/>
</testsuite> <!-- Actitime.loginD1 -->
