<?xml version="1.0" encoding="UTF-8"?>
<!-- Generated by org.testng.reporters.JUnitReportReporter -->
<testsuite hostname="LAPTOP-3IBN8888" failures="0" tests="1" name="Actitime.HomepageD2" time="51.076" errors="0" timestamp="2022-10-27T19:01:49 IST" skipped="0">
  <testcase classname="Actitime.HomepageD2" name="user" time="51.076"/>
  <system-out/>
</testsuite> <!-- Actitime.HomepageD2 -->
