<?xml version="1.0" encoding="UTF-8"?>
<!-- Generated by org.testng.reporters.JUnitReportReporter -->
<testsuite hostname="LAPTOP-3IBN8888" failures="0" tests="2" name="Actitime.loginD1" time="81.988" errors="0" timestamp="2022-12-01T00:19:42 IST" skipped="0">
  <testcase classname="Actitime.loginD1" name="loginadmini" time="35.036"/>
  <system-out/>
  <testcase classname="Actitime.loginD1" name="loginregular" time="46.952"/>
  <system-out/>
</testsuite> <!-- Actitime.loginD1 -->
