<?xml version="1.0" encoding="UTF-8"?>
<!-- Generated by org.testng.reporters.JUnitReportReporter -->
<testsuite hostname="LAPTOP-3IBN8888" failures="0" tests="1" name="Actitime.HomepageD2" time="32.198" errors="0" timestamp="2022-12-01T00:19:42 IST" skipped="0">
  <testcase classname="Actitime.HomepageD2" name="user" time="32.198"/>
  <system-out>
    <![CDATA[Javascript popup/alert popup
Alert popup handled]]>
  </system-out>
</testsuite> <!-- Actitime.HomepageD2 -->
