<?xml version="1.0" encoding="UTF-8"?>
<!-- Generated by org.testng.reporters.JUnitReportReporter -->
<testsuite hostname="LAPTOP-3IBN8888" failures="0" tests="1" name="Actitime.Login" time="21.947" errors="0" timestamp="2022-10-20T17:26:01 IST" skipped="0">
  <testcase classname="Actitime.Login" name="Homepage" time="21.947"/>
  <system-out/>
</testsuite> <!-- Actitime.Login -->
