<?xml version="1.0" encoding="UTF-8"?>
<!-- Generated by org.testng.reporters.JUnitReportReporter -->
<testsuite hostname="LAPTOP-3IBN8888" failures="0" tests="2" name="Actitime.loginD1" time="75.645" errors="0" timestamp="2022-10-27T19:01:49 IST" skipped="0">
  <testcase classname="Actitime.loginD1" name="loginadmini" time="21.403"/>
  <system-out/>
  <testcase classname="Actitime.loginD1" name="loginregular" time="54.242"/>
  <system-out/>
</testsuite> <!-- Actitime.loginD1 -->
