<?xml version="1.0" encoding="UTF-8"?>
<!-- Generated by org.testng.reporters.JUnitReportReporter -->
<testsuite hostname="LAPTOP-3IBN8888" failures="0" tests="1" name="Actitime.HomepageD2" time="23.971" errors="0" timestamp="2022-10-28T16:35:36 IST" skipped="0">
  <testcase classname="Actitime.HomepageD2" name="user" time="23.971"/>
  <system-out/>
</testsuite> <!-- Actitime.HomepageD2 -->
